# doctest-3-say_my_name.py
""" Test Driven Development for print """

Importing the function from the module:
	  >>> say_my_name = __import__('3-say_my_name').say_my_name

>>> say_my_name("Miguel", "Cipamocha")
My name is Miguel Cipamocha

>>> say_my_name("Miguel")
My name is Miguel 

>>> say_my_name(12, "Smith")
Traceback (most recent call last):
...
TypeError: first_name must be a string

>>> say_my_name("Jhon", 12)
Traceback (most recent call last):
...
TypeError: last_name must be a string

>>> say_my_name()
Traceback (most recent call last):
...
TypeError: say_my_name() missing 1 required positional argument: 'first_name'

>>> say_my_name("Hi", "How", "Are", "You")
Traceback (most recent call last):
...
TypeError: say_my_name() takes from 1 to 2 positional arguments but 4 were given

>>> say_my_name("Miguel", [2, 3])
Traceback (most recent call last):
...
TypeError: last_name must be a string

>>> say_my_name("What", None)
Traceback (most recent call last):
...
TypeError: last_name must be a string
